Temp/gradleOut/build/outputs/logs/manifest-merger-release-report.txt
-- Merging decision tree log ---
manifest
ADDED from src\main\AndroidManifest.xml:2:1-23:12
INJECTED from src\main\AndroidManifest.xml:2:1-23:12
INJECTED from src\main\AndroidManifest.xml:2:1-23:12
INJECTED from src\main\AndroidManifest.xml:2:1-23:12
MERGED from [:com.android.support.animated-vector-drawable-25.3.1:] AndroidManifest.xml:17:1-28:12
MERGED from [:com.android.support.appcompat-v7-25.3.1:] AndroidManifest.xml:17:1-31:12
MERGED from [:com.android.support.cardview-v7-25.3.1:] AndroidManifest.xml:17:1-28:12
MERGED from [:com.android.support.customtabs-25.3.1:] AndroidManifest.xml:17:1-28:12
MERGED from [:com.android.support.support-compat-25.3.1:] AndroidManifest.xml:17:1-31:12
MERGED from [:com.android.support.support-core-ui-25.3.1:] AndroidManifest.xml:17:1-31:12
MERGED from [:com.android.support.support-core-utils-25.3.1:] AndroidManifest.xml:17:1-31:12
MERGED from [:com.android.support.support-fragment-25.3.1:] AndroidManifest.xml:17:1-31:12
MERGED from [:com.android.support.support-media-compat-25.3.1:] AndroidManifest.xml:17:1-31:12
MERGED from [:com.android.support.support-v4-25.3.1:] AndroidManifest.xml:17:1-31:12
MERGED from [:com.android.support.support-vector-drawable-25.3.1:] AndroidManifest.xml:17:1-28:12
MERGED from [:unity-ads:] AndroidManifest.xml:2:1-37:12
INJECTED from src\main\AndroidManifest.xml:2:1-23:12
INJECTED from src\main\AndroidManifest.xml:2:1-23:12
INJECTED from src\main\AndroidManifest.xml:2:1-23:12
	package
		ADDED from src\main\AndroidManifest.xml:2:70-104
		INJECTED from src\main\AndroidManifest.xml
		INJECTED from src\main\AndroidManifest.xml
	android:versionName
		INJECTED from src\main\AndroidManifest.xml
		ADDED from src\main\AndroidManifest.xml:2:1-23:12
		INJECTED from src\main\AndroidManifest.xml
	xmlns:tools
		ADDED from src\main\AndroidManifest.xml:2:105-151
	android:versionCode
		INJECTED from src\main\AndroidManifest.xml
		ADDED from src\main\AndroidManifest.xml:2:1-23:12
		INJECTED from src\main\AndroidManifest.xml
	xmlns:android
		ADDED from src\main\AndroidManifest.xml:2:11-69
	android:installLocation
		ADDED from src\main\AndroidManifest.xml:2:152-190
supports-screens
ADDED from src\main\AndroidManifest.xml:3:3-163
	android:largeScreens
		ADDED from src\main\AndroidManifest.xml:3:78-105
	android:smallScreens
		ADDED from src\main\AndroidManifest.xml:3:21-48
	android:normalScreens
		ADDED from src\main\AndroidManifest.xml:3:49-77
	android:xlargeScreens
		ADDED from src\main\AndroidManifest.xml:3:106-134
	android:anyDensity
		ADDED from src\main\AndroidManifest.xml:3:135-160
application
ADDED from src\main\AndroidManifest.xml:4:3-15:17
MERGED from [:com.android.support.animated-vector-drawable-25.3.1:] AndroidManifest.xml:26:5-20
MERGED from [:com.android.support.animated-vector-drawable-25.3.1:] AndroidManifest.xml:26:5-20
MERGED from [:com.android.support.appcompat-v7-25.3.1:] AndroidManifest.xml:29:5-20
MERGED from [:com.android.support.appcompat-v7-25.3.1:] AndroidManifest.xml:29:5-20
MERGED from [:com.android.support.cardview-v7-25.3.1:] AndroidManifest.xml:26:5-20
MERGED from [:com.android.support.cardview-v7-25.3.1:] AndroidManifest.xml:26:5-20
MERGED from [:com.android.support.customtabs-25.3.1:] AndroidManifest.xml:26:5-20
MERGED from [:com.android.support.customtabs-25.3.1:] AndroidManifest.xml:26:5-20
MERGED from [:com.android.support.support-compat-25.3.1:] AndroidManifest.xml:29:5-20
MERGED from [:com.android.support.support-compat-25.3.1:] AndroidManifest.xml:29:5-20
MERGED from [:com.android.support.support-core-ui-25.3.1:] AndroidManifest.xml:29:5-20
MERGED from [:com.android.support.support-core-ui-25.3.1:] AndroidManifest.xml:29:5-20
MERGED from [:com.android.support.support-core-utils-25.3.1:] AndroidManifest.xml:29:5-20
MERGED from [:com.android.support.support-core-utils-25.3.1:] AndroidManifest.xml:29:5-20
MERGED from [:com.android.support.support-fragment-25.3.1:] AndroidManifest.xml:29:5-20
MERGED from [:com.android.support.support-fragment-25.3.1:] AndroidManifest.xml:29:5-20
MERGED from [:com.android.support.support-media-compat-25.3.1:] AndroidManifest.xml:29:5-20
MERGED from [:com.android.support.support-media-compat-25.3.1:] AndroidManifest.xml:29:5-20
MERGED from [:com.android.support.support-v4-25.3.1:] AndroidManifest.xml:29:5-20
MERGED from [:com.android.support.support-v4-25.3.1:] AndroidManifest.xml:29:5-20
MERGED from [:com.android.support.support-vector-drawable-25.3.1:] AndroidManifest.xml:26:5-20
MERGED from [:com.android.support.support-vector-drawable-25.3.1:] AndroidManifest.xml:26:5-20
MERGED from [:unity-ads:] AndroidManifest.xml:14:5-35:19
MERGED from [:unity-ads:] AndroidManifest.xml:14:5-35:19
	android:label
		ADDED from src\main\AndroidManifest.xml:4:90-122
	android:icon
		ADDED from src\main\AndroidManifest.xml:4:58-89
	android:theme
		ADDED from src\main\AndroidManifest.xml:4:16-57
activity#com.unity3d.player.UnityPlayerActivity
ADDED from src\main\AndroidManifest.xml:5:5-11:16
	android:screenOrientation
		ADDED from src\main\AndroidManifest.xml:5:102-139
	android:label
		ADDED from src\main\AndroidManifest.xml:5:69-101
	android:launchMode
		ADDED from src\main\AndroidManifest.xml:5:140-171
	android:hardwareAccelerated
		ADDED from src\main\AndroidManifest.xml:5:354-389
	android:configChanges
		ADDED from src\main\AndroidManifest.xml:5:172-353
	android:name
		ADDED from src\main\AndroidManifest.xml:5:15-68
intent-filter#action:name:android.intent.action.MAIN+category:name:android.intent.category.LAUNCHER
ADDED from src\main\AndroidManifest.xml:6:7-9:23
action#android.intent.action.MAIN
ADDED from src\main\AndroidManifest.xml:7:9-61
	android:name
		ADDED from src\main\AndroidManifest.xml:7:17-58
category#android.intent.category.LAUNCHER
ADDED from src\main\AndroidManifest.xml:8:9-69
	android:name
		ADDED from src\main\AndroidManifest.xml:8:19-66
meta-data#unityplayer.UnityActivity
ADDED from src\main\AndroidManifest.xml:10:7-82
	android:value
		ADDED from src\main\AndroidManifest.xml:10:59-79
	android:name
		ADDED from src\main\AndroidManifest.xml:10:18-58
meta-data#unity.build-id
ADDED from src\main\AndroidManifest.xml:12:5-101
	android:value
		ADDED from src\main\AndroidManifest.xml:12:46-98
	android:name
		ADDED from src\main\AndroidManifest.xml:12:16-45
meta-data#unity.splash-mode
ADDED from src\main\AndroidManifest.xml:13:5-69
	android:value
		ADDED from src\main\AndroidManifest.xml:13:49-66
	android:name
		ADDED from src\main\AndroidManifest.xml:13:16-48
meta-data#unity.splash-enable
ADDED from src\main\AndroidManifest.xml:14:5-74
	android:value
		ADDED from src\main\AndroidManifest.xml:14:51-71
	android:name
		ADDED from src\main\AndroidManifest.xml:14:16-50
uses-feature#0x00020000
ADDED from src\main\AndroidManifest.xml:16:3-52
	android:glEsVersion
		ADDED from src\main\AndroidManifest.xml:16:17-49
uses-permission#android.permission.INTERNET
ADDED from src\main\AndroidManifest.xml:17:3-65
MERGED from [:unity-ads:] AndroidManifest.xml:12:5-67
MERGED from [:unity-ads:] AndroidManifest.xml:12:5-67
	android:name
		ADDED from src\main\AndroidManifest.xml:17:20-62
uses-permission#android.permission.CHANGE_WIFI_MULTICAST_STATE
ADDED from src\main\AndroidManifest.xml:18:3-84
	android:name
		ADDED from src\main\AndroidManifest.xml:18:20-81
uses-feature#android.hardware.sensor.accelerometer
ADDED from src\main\AndroidManifest.xml:19:3-97
	android:required
		ADDED from src\main\AndroidManifest.xml:19:70-94
	android:name
		ADDED from src\main\AndroidManifest.xml:19:17-69
uses-feature#android.hardware.touchscreen
ADDED from src\main\AndroidManifest.xml:20:3-88
	android:required
		ADDED from src\main\AndroidManifest.xml:20:61-85
	android:name
		ADDED from src\main\AndroidManifest.xml:20:17-60
uses-feature#android.hardware.touchscreen.multitouch
ADDED from src\main\AndroidManifest.xml:21:3-99
	android:required
		ADDED from src\main\AndroidManifest.xml:21:72-96
	android:name
		ADDED from src\main\AndroidManifest.xml:21:17-71
uses-feature#android.hardware.touchscreen.multitouch.distinct
ADDED from src\main\AndroidManifest.xml:22:3-108
	android:required
		ADDED from src\main\AndroidManifest.xml:22:81-105
	android:name
		ADDED from src\main\AndroidManifest.xml:22:17-80
uses-sdk
INJECTED from src\main\AndroidManifest.xml reason: use-sdk injection requested
INJECTED from src\main\AndroidManifest.xml
INJECTED from src\main\AndroidManifest.xml
MERGED from [:com.android.support.animated-vector-drawable-25.3.1:] AndroidManifest.xml:20:5-44
MERGED from [:com.android.support.animated-vector-drawable-25.3.1:] AndroidManifest.xml:20:5-44
MERGED from [:com.android.support.appcompat-v7-25.3.1:] AndroidManifest.xml:21:5-23:78
MERGED from [:com.android.support.appcompat-v7-25.3.1:] AndroidManifest.xml:21:5-23:78
MERGED from [:com.android.support.cardview-v7-25.3.1:] AndroidManifest.xml:20:5-43
MERGED from [:com.android.support.cardview-v7-25.3.1:] AndroidManifest.xml:20:5-43
MERGED from [:com.android.support.customtabs-25.3.1:] AndroidManifest.xml:20:5-44
MERGED from [:com.android.support.customtabs-25.3.1:] AndroidManifest.xml:20:5-44
MERGED from [:com.android.support.support-compat-25.3.1:] AndroidManifest.xml:21:5-23:58
MERGED from [:com.android.support.support-compat-25.3.1:] AndroidManifest.xml:21:5-23:58
MERGED from [:com.android.support.support-core-ui-25.3.1:] AndroidManifest.xml:21:5-23:58
MERGED from [:com.android.support.support-core-ui-25.3.1:] AndroidManifest.xml:21:5-23:58
MERGED from [:com.android.support.support-core-utils-25.3.1:] AndroidManifest.xml:21:5-23:61
MERGED from [:com.android.support.support-core-utils-25.3.1:] AndroidManifest.xml:21:5-23:61
MERGED from [:com.android.support.support-fragment-25.3.1:] AndroidManifest.xml:21:5-23:60
MERGED from [:com.android.support.support-fragment-25.3.1:] AndroidManifest.xml:21:5-23:60
MERGED from [:com.android.support.support-media-compat-25.3.1:] AndroidManifest.xml:21:5-23:63
MERGED from [:com.android.support.support-media-compat-25.3.1:] AndroidManifest.xml:21:5-23:63
MERGED from [:com.android.support.support-v4-25.3.1:] AndroidManifest.xml:21:5-23:54
MERGED from [:com.android.support.support-v4-25.3.1:] AndroidManifest.xml:21:5-23:54
MERGED from [:com.android.support.support-vector-drawable-25.3.1:] AndroidManifest.xml:20:5-43
MERGED from [:com.android.support.support-vector-drawable-25.3.1:] AndroidManifest.xml:20:5-43
MERGED from [:unity-ads:] AndroidManifest.xml:7:5-9:41
MERGED from [:unity-ads:] AndroidManifest.xml:7:5-9:41
INJECTED from src\main\AndroidManifest.xml
INJECTED from src\main\AndroidManifest.xml
	tools:overrideLibrary
		ADDED from [:com.android.support.appcompat-v7-25.3.1:] AndroidManifest.xml:23:9-75
	android:targetSdkVersion
		INJECTED from src\main\AndroidManifest.xml
		ADDED from src\main\AndroidManifest.xml
		INJECTED from src\main\AndroidManifest.xml
	android:minSdkVersion
		INJECTED from src\main\AndroidManifest.xml
		ADDED from src\main\AndroidManifest.xml
		INJECTED from src\main\AndroidManifest.xml
meta-data#android.support.VERSION
ADDED from [:com.android.support.animated-vector-drawable-25.3.1:] AndroidManifest.xml:22:5-24:34
MERGED from [:com.android.support.appcompat-v7-25.3.1:] AndroidManifest.xml:25:5-27:34
MERGED from [:com.android.support.appcompat-v7-25.3.1:] AndroidManifest.xml:25:5-27:34
MERGED from [:com.android.support.cardview-v7-25.3.1:] AndroidManifest.xml:22:5-24:34
MERGED from [:com.android.support.cardview-v7-25.3.1:] AndroidManifest.xml:22:5-24:34
MERGED from [:com.android.support.customtabs-25.3.1:] AndroidManifest.xml:22:5-24:34
MERGED from [:com.android.support.customtabs-25.3.1:] AndroidManifest.xml:22:5-24:34
MERGED from [:com.android.support.support-compat-25.3.1:] AndroidManifest.xml:25:5-27:34
MERGED from [:com.android.support.support-compat-25.3.1:] AndroidManifest.xml:25:5-27:34
MERGED from [:com.android.support.support-core-ui-25.3.1:] AndroidManifest.xml:25:5-27:34
MERGED from [:com.android.support.support-core-ui-25.3.1:] AndroidManifest.xml:25:5-27:34
MERGED from [:com.android.support.support-core-utils-25.3.1:] AndroidManifest.xml:25:5-27:34
MERGED from [:com.android.support.support-core-utils-25.3.1:] AndroidManifest.xml:25:5-27:34
MERGED from [:com.android.support.support-fragment-25.3.1:] AndroidManifest.xml:25:5-27:34
MERGED from [:com.android.support.support-fragment-25.3.1:] AndroidManifest.xml:25:5-27:34
MERGED from [:com.android.support.support-media-compat-25.3.1:] AndroidManifest.xml:25:5-27:34
MERGED from [:com.android.support.support-media-compat-25.3.1:] AndroidManifest.xml:25:5-27:34
MERGED from [:com.android.support.support-v4-25.3.1:] AndroidManifest.xml:25:5-27:34
MERGED from [:com.android.support.support-v4-25.3.1:] AndroidManifest.xml:25:5-27:34
MERGED from [:com.android.support.support-vector-drawable-25.3.1:] AndroidManifest.xml:22:5-24:34
MERGED from [:com.android.support.support-vector-drawable-25.3.1:] AndroidManifest.xml:22:5-24:34
	android:value
		ADDED from [:com.android.support.animated-vector-drawable-25.3.1:] AndroidManifest.xml:24:9-31
	android:name
		ADDED from [:com.android.support.animated-vector-drawable-25.3.1:] AndroidManifest.xml:23:9-47
uses-permission#android.permission.ACCESS_NETWORK_STATE
ADDED from [:unity-ads:] AndroidManifest.xml:11:5-79
	android:name
		ADDED from [:unity-ads:] AndroidManifest.xml:11:22-76
activity#com.unity3d.ads.adunit.AdUnitActivity
ADDED from [:unity-ads:] AndroidManifest.xml:15:9-19:74
	android:hardwareAccelerated
		ADDED from [:unity-ads:] AndroidManifest.xml:18:13-47
	android:configChanges
		ADDED from [:unity-ads:] AndroidManifest.xml:17:13-170
	android:theme
		ADDED from [:unity-ads:] AndroidManifest.xml:19:13-71
	android:name
		ADDED from [:unity-ads:] AndroidManifest.xml:16:13-65
activity#com.unity3d.ads.adunit.AdUnitTransparentActivity
ADDED from [:unity-ads:] AndroidManifest.xml:20:9-24:86
	android:hardwareAccelerated
		ADDED from [:unity-ads:] AndroidManifest.xml:23:13-47
	android:configChanges
		ADDED from [:unity-ads:] AndroidManifest.xml:22:13-170
	android:theme
		ADDED from [:unity-ads:] AndroidManifest.xml:24:13-83
	android:name
		ADDED from [:unity-ads:] AndroidManifest.xml:21:13-76
activity#com.unity3d.ads.adunit.AdUnitTransparentSoftwareActivity
ADDED from [:unity-ads:] AndroidManifest.xml:25:9-29:86
	android:hardwareAccelerated
		ADDED from [:unity-ads:] AndroidManifest.xml:28:13-48
	android:configChanges
		ADDED from [:unity-ads:] AndroidManifest.xml:27:13-170
	android:theme
		ADDED from [:unity-ads:] AndroidManifest.xml:29:13-83
	android:name
		ADDED from [:unity-ads:] AndroidManifest.xml:26:13-84
activity#com.unity3d.ads.adunit.AdUnitSoftwareActivity
ADDED from [:unity-ads:] AndroidManifest.xml:30:9-34:74
	android:hardwareAccelerated
		ADDED from [:unity-ads:] AndroidManifest.xml:33:13-48
	android:configChanges
		ADDED from [:unity-ads:] AndroidManifest.xml:32:13-170
	android:theme
		ADDED from [:unity-ads:] AndroidManifest.xml:34:13-71
	android:name
		ADDED from [:unity-ads:] AndroidManifest.xml:31:13-73